Using pre-set license
Built from '2020.3/staging' branch; Version is '2020.3.13f1 (71691879b7f5) revision 7432472'; Using compiler version '192528614'; Build Type 'Release'
OS: 'Windows 10 Home; OS build 19042.1237; Version 2009; 64bit' Language: 'ru' Physical Memory: 16311 MB
BatchMode: 1, IsHumanControllingUs: 0, StartBugReporterOnCrash: 0, Is64bit: 1, IsPro: 0

 COMMAND LINE ARGUMENTS:
C:\Users\kivdu\OneDrive\Desktop\Unity\2020.3.13f1\Editor\Unity.exe
-adb2
-batchMode
-noUpm
-name
AssetImportWorker0
-projectPath
C:/Users/kivdu/OneDrive/Desktop/Unity/Работа 2/Anton/Anton/Anton
-logFile
Logs/AssetImportWorker0.log
-srvPort
64906
Successfully changed project path to: C:/Users/kivdu/OneDrive/Desktop/Unity/Работа 2/Anton/Anton/Anton
C:/Users/kivdu/OneDrive/Desktop/Unity/Работа 2/Anton/Anton/Anton
Using Asset Import Pipeline V2.
Refreshing native plugins compatible for Editor in 40.90 ms, found 2 plugins.
Preloading 0 native plugins for Editor in 0.00 ms.
Initialize engine version: 2020.3.13f1 (71691879b7f5)
[Subsystems] Discovering subsystems at path C:/Users/kivdu/OneDrive/Desktop/Unity/2020.3.13f1/Editor/Data/Resources/UnitySubsystems
[Subsystems] Discovering subsystems at path C:/Users/kivdu/OneDrive/Desktop/Unity/Работа 2/Anton/Anton/Anton/Assets
GfxDevice: creating device client; threaded=0
Direct3D:
    Version:  Direct3D 11.0 [level 11.1]
    Renderer: AMD Radeon RX 5700 XT (ID=0x731f)
    Vendor:   
    VRAM:     8152 MB
    Driver:   27.20.14535.1000
Initialize mono
Mono path[0] = 'C:/Users/kivdu/OneDrive/Desktop/Unity/2020.3.13f1/Editor/Data/Managed'
Mono path[1] = 'C:/Users/kivdu/OneDrive/Desktop/Unity/2020.3.13f1/Editor/Data/MonoBleedingEdge/lib/mono/unityjit'
Mono config path = 'C:/Users/kivdu/OneDrive/Desktop/Unity/2020.3.13f1/Editor/Data/MonoBleedingEdge/etc'
Using monoOptions --debugger-agent=transport=dt_socket,embedding=1,server=y,suspend=n,address=127.0.0.1:56440
Begin MonoManager ReloadAssembly
Registering precompiled unity dll's ...
Register platform support module: C:/Users/kivdu/OneDrive/Desktop/Unity/2020.3.13f1/Editor/Data/PlaybackEngines/WindowsStandaloneSupport/UnityEditor.WindowsStandalone.Extensions.dll
Registered in 0.001868 seconds.
Native extension for WindowsStandalone target not found
Refreshing native plugins compatible for Editor in 41.91 ms, found 2 plugins.
Preloading 0 native plugins for Editor in 0.00 ms.
Mono: successfully reloaded assembly
- Completed reload, in  1.019 seconds
Platform modules already initialized, skipping
Registering precompiled user dll's ...
Registered in 0.004469 seconds.
Begin MonoManager ReloadAssembly
Native extension for WindowsStandalone target not found
Refreshing native plugins compatible for Editor in 39.77 ms, found 2 plugins.
Preloading 0 native plugins for Editor in 0.00 ms.
Mono: successfully reloaded assembly
- Completed reload, in  1.059 seconds
Platform modules already initialized, skipping
========================================================================
Worker process is ready to serve import requests
Launched and connected shader compiler UnityShaderCompiler.exe after 0.04 seconds
Refreshing native plugins compatible for Editor in 0.54 ms, found 2 plugins.
Preloading 0 native plugins for Editor in 0.00 ms.
Unloading 2610 Unused Serialized files (Serialized files now loaded: 0)
System memory in use before: 104.9 MB.
System memory in use after: 105.0 MB.

Unloading 27 unused Assets to reduce memory usage. Loaded Objects now: 3042.
Total: 2.665700 ms (FindLiveObjects: 0.297100 ms CreateObjectMapping: 0.075400 ms MarkObjects: 2.195800 ms  DeleteObjects: 0.096500 ms)

AssetImportParameters requested are different than current active one (requested -> active):
  requireTextureImportCompression: false -> true
  custom:framework-win-MediaFoundation: 216162199b28c13a410421893ffa2e32 -> 
  custom:video-decoder-ogg-theora: a1e56fd34408186e4bbccfd4996cb3dc -> 
  custom:container-muxer-webm: aa71ff27fc2769a1b78a27578f13a17b -> 
  custom:container-demuxer-webm: 4f35f7cbe854078d1ac9338744f61a02 -> 
  custom:container-demuxer-ogg: 62fdf1f143b41e24485cea50d1cbac27 -> 
  custom:video-encoder-webm-vp8: eb34c28f22e8b96e1ab97ce403110664 -> 
  custom:video-decoder-webm-vp8: 9c59270c3fd7afecdb556c50c9e8de78 -> 
  custom:audio-decoder-ogg-vorbis: bf7c407c2cedff20999df2af8eb42d56 -> 
  custom:audio-encoder-webm-vorbis: bf7c407c2cedff20999df2af8eb42d56 -> 
========================================================================
Received Import Request.
  path: Assets/Localization/Localization Settings.asset
  artifactKey: Guid(3457d80b68732a0418fb44bd85dc5aa3) Importer(815301076,1909f56bfc062723c751e8b465ee728b)
Start importing Assets/Localization/Localization Settings.asset using Guid(3457d80b68732a0418fb44bd85dc5aa3) Importer(815301076,1909f56bfc062723c751e8b465ee728b)  -> (artifact id: 'f7645bb0040c39cdc2f2419bc870b9b8') in 0.046478 seconds 
  Import took 0.050711 seconds .

========================================================================
Received Import Request.
  Time since last request: 5.110652 seconds.
  path: Assets/AddressableAssetsData/AddressableAssetSettings.asset
  artifactKey: Guid(618b5875edf76b74a980668c25351aa2) Importer(815301076,1909f56bfc062723c751e8b465ee728b)
Start importing Assets/AddressableAssetsData/AddressableAssetSettings.asset using Guid(618b5875edf76b74a980668c25351aa2) Importer(815301076,1909f56bfc062723c751e8b465ee728b)  -> (artifact id: '4d1b3b1431e5fb9b49ad1d6f328b13db') in 0.014689 seconds 
  Import took 0.019213 seconds .

========================================================================
Received Import Request.
  Time since last request: 0.000244 seconds.
  path: Assets/AddressableAssetsData/DefaultObject.asset
  artifactKey: Guid(7ef3405036e3dea4c84d761bd7ae3f1a) Importer(815301076,1909f56bfc062723c751e8b465ee728b)
Start importing Assets/AddressableAssetsData/DefaultObject.asset using Guid(7ef3405036e3dea4c84d761bd7ae3f1a) Importer(815301076,1909f56bfc062723c751e8b465ee728b)  -> (artifact id: '759149592895085ea77f082bc82500d1') in 0.007301 seconds 
  Import took 0.010820 seconds .

========================================================================
Received Import Request.
  Time since last request: 79.181446 seconds.
  path: Assets/Localization/interface.csv
  artifactKey: Guid(c5d5dc6e30d19974aa086f31d7cfd036) Importer(815301076,1909f56bfc062723c751e8b465ee728b)
Start importing Assets/Localization/interface.csv using Guid(c5d5dc6e30d19974aa086f31d7cfd036) Importer(815301076,1909f56bfc062723c751e8b465ee728b)  -> (artifact id: 'eb8eded4ba9e27f514fd79d306edbbc8') in 0.012845 seconds 
  Import took 0.017105 seconds .

========================================================================
Received Import Request.
  Time since last request: 0.086269 seconds.
  path: Assets/Localization/interface.csv
  artifactKey: Guid(c5d5dc6e30d19974aa086f31d7cfd036) Importer(815301076,1909f56bfc062723c751e8b465ee728b)
Start importing Assets/Localization/interface.csv using Guid(c5d5dc6e30d19974aa086f31d7cfd036) Importer(815301076,1909f56bfc062723c751e8b465ee728b)  -> (artifact id: 'eb8eded4ba9e27f514fd79d306edbbc8') in 0.003426 seconds 
  Import took 0.007240 seconds .

========================================================================
Received Import Request.
  Time since last request: 1.571820 seconds.
  path: Assets/Scripts/AIVisitor.cs
  artifactKey: Guid(75efcb548936ab448b3d1af9e6e654e5) Importer(815301076,1909f56bfc062723c751e8b465ee728b)
Start importing Assets/Scripts/AIVisitor.cs using Guid(75efcb548936ab448b3d1af9e6e654e5) Importer(815301076,1909f56bfc062723c751e8b465ee728b)  -> (artifact id: '2ec11ba82efa1629f87101897a0426a6') in 0.013029 seconds 
  Import took 0.017478 seconds .

========================================================================
Received Import Request.
  Time since last request: 1.878988 seconds.
  path: Assets/Scripts/Dump.cs
  artifactKey: Guid(f0c06303f1e671441a035769a38b9265) Importer(815301076,1909f56bfc062723c751e8b465ee728b)
Start importing Assets/Scripts/Dump.cs using Guid(f0c06303f1e671441a035769a38b9265) Importer(815301076,1909f56bfc062723c751e8b465ee728b)  -> (artifact id: '178eb372a870fd254c20badda234a894') in 0.007377 seconds 
  Import took 0.011850 seconds .

========================================================================
Received Import Request.
  Time since last request: 153.050107 seconds.
  path: Assets/Scripts/CSVLoader.cs
  artifactKey: Guid(f3cfb71b62eb8fe4eb656db71d80a05e) Importer(815301076,1909f56bfc062723c751e8b465ee728b)
Start importing Assets/Scripts/CSVLoader.cs using Guid(f3cfb71b62eb8fe4eb656db71d80a05e) Importer(815301076,1909f56bfc062723c751e8b465ee728b)  -> (artifact id: 'b7e34eb5c2d59c1a17eb6638232cead5') in 0.008164 seconds 
  Import took 0.012638 seconds .

========================================================================
Received Prepare
Registering precompiled user dll's ...
Registered in 0.004258 seconds.
Begin MonoManager ReloadAssembly
Native extension for WindowsStandalone target not found
Refreshing native plugins compatible for Editor in 0.62 ms, found 2 plugins.
Preloading 0 native plugins for Editor in 0.00 ms.
Mono: successfully reloaded assembly
- Completed reload, in  0.947 seconds
Platform modules already initialized, skipping
Switching build target platform(19) subTarget(0) extendedPlatform(0) -> platform(13) subTarget(537395200) extendedPlatform(0)
Refreshing native plugins compatible for Editor in 0.55 ms, found 2 plugins.
Preloading 0 native plugins for Editor in 0.00 ms.
Unloading 2580 Unused Serialized files (Serialized files now loaded: 0)
System memory in use before: 104.3 MB.
System memory in use after: 104.5 MB.

Unloading 41 unused Assets to reduce memory usage. Loaded Objects now: 3019.
Total: 2.862600 ms (FindLiveObjects: 0.315100 ms CreateObjectMapping: 0.065800 ms MarkObjects: 1.973500 ms  DeleteObjects: 0.506600 ms)

AssetImportParameters requested are different than current active one (requested -> active):
  requireTextureImportCompression: false -> true
  custom:framework-win-MediaFoundation: 216162199b28c13a410421893ffa2e32 -> 
  custom:video-decoder-ogg-theora: a1e56fd34408186e4bbccfd4996cb3dc -> 
  custom:container-muxer-webm: aa71ff27fc2769a1b78a27578f13a17b -> 
  custom:container-demuxer-webm: 4f35f7cbe854078d1ac9338744f61a02 -> 
  custom:container-demuxer-ogg: 62fdf1f143b41e24485cea50d1cbac27 -> 
  custom:video-encoder-webm-vp8: eb34c28f22e8b96e1ab97ce403110664 -> 
  custom:video-decoder-webm-vp8: 9c59270c3fd7afecdb556c50c9e8de78 -> 
  custom:graphics/normal-map-encoding: 01000000000000000000000000000000 -> 02000000000000000000000000000000
  custom:audio-decoder-ogg-vorbis: bf7c407c2cedff20999df2af8eb42d56 -> 
  custom:audio-encoder-webm-vorbis: bf7c407c2cedff20999df2af8eb42d56 -> 
========================================================================
Received Import Request.
  Time since last request: 588.312762 seconds.
  path: Assets/Scripts/CSVLoader.cs
  artifactKey: Guid(f3cfb71b62eb8fe4eb656db71d80a05e) Importer(815301076,1909f56bfc062723c751e8b465ee728b)
Start importing Assets/Scripts/CSVLoader.cs using Guid(f3cfb71b62eb8fe4eb656db71d80a05e) Importer(815301076,1909f56bfc062723c751e8b465ee728b)  -> (artifact id: '73ff650b936d0945bda4babfd40a9703') in 0.007254 seconds 
  Import took 0.011624 seconds .

========================================================================
Received Import Request.
  Time since last request: 0.019552 seconds.
  path: Assets/Scripts/CSVLoader.cs
  artifactKey: Guid(f3cfb71b62eb8fe4eb656db71d80a05e) Importer(815301076,1909f56bfc062723c751e8b465ee728b)
Start importing Assets/Scripts/CSVLoader.cs using Guid(f3cfb71b62eb8fe4eb656db71d80a05e) Importer(815301076,1909f56bfc062723c751e8b465ee728b)  -> (artifact id: '73ff650b936d0945bda4babfd40a9703') in 0.002371 seconds 
  Import took 0.006242 seconds .

========================================================================
Received Import Request.
  Time since last request: 401.806256 seconds.
  path: Assets/Scripts/CSVLoader.cs
  artifactKey: Guid(f3cfb71b62eb8fe4eb656db71d80a05e) Importer(815301076,1909f56bfc062723c751e8b465ee728b)
Start importing Assets/Scripts/CSVLoader.cs using Guid(f3cfb71b62eb8fe4eb656db71d80a05e) Importer(815301076,1909f56bfc062723c751e8b465ee728b)  -> (artifact id: 'a31cce646ab6b124d9457a1db7e29602') in 0.002537 seconds 
  Import took 0.006983 seconds .

========================================================================
Received Import Request.
  Time since last request: 0.002661 seconds.
  path: Assets/Scripts/CSVLoader.cs
  artifactKey: Guid(f3cfb71b62eb8fe4eb656db71d80a05e) Importer(815301076,1909f56bfc062723c751e8b465ee728b)
Start importing Assets/Scripts/CSVLoader.cs using Guid(f3cfb71b62eb8fe4eb656db71d80a05e) Importer(815301076,1909f56bfc062723c751e8b465ee728b)  -> (artifact id: 'a31cce646ab6b124d9457a1db7e29602') in 0.003403 seconds 
  Import took 0.007247 seconds .

========================================================================
Received Import Request.
  Time since last request: 13.044479 seconds.
  path: Assets/Scripts/CSVLoader.cs
  artifactKey: Guid(f3cfb71b62eb8fe4eb656db71d80a05e) Importer(815301076,1909f56bfc062723c751e8b465ee728b)
Start importing Assets/Scripts/CSVLoader.cs using Guid(f3cfb71b62eb8fe4eb656db71d80a05e) Importer(815301076,1909f56bfc062723c751e8b465ee728b)  -> (artifact id: 'e8e13e2037ae6aab2eae6c228616358b') in 0.003380 seconds 
  Import took 0.007506 seconds .

========================================================================
Received Import Request.
  Time since last request: 0.000741 seconds.
  path: Assets/Scripts/CSVLoader.cs
  artifactKey: Guid(f3cfb71b62eb8fe4eb656db71d80a05e) Importer(815301076,1909f56bfc062723c751e8b465ee728b)
Start importing Assets/Scripts/CSVLoader.cs using Guid(f3cfb71b62eb8fe4eb656db71d80a05e) Importer(815301076,1909f56bfc062723c751e8b465ee728b)  -> (artifact id: 'e8e13e2037ae6aab2eae6c228616358b') in 0.003688 seconds 
  Import took 0.007536 seconds .

========================================================================
Received Prepare
Registering precompiled user dll's ...
Registered in 0.004275 seconds.
Begin MonoManager ReloadAssembly
Native extension for WindowsStandalone target not found
Refreshing native plugins compatible for Editor in 0.58 ms, found 2 plugins.
Preloading 0 native plugins for Editor in 0.00 ms.
Mono: successfully reloaded assembly
- Completed reload, in  0.904 seconds
Platform modules already initialized, skipping
Switching build target platform(19) subTarget(0) extendedPlatform(0) -> platform(13) subTarget(537395200) extendedPlatform(0)
Refreshing native plugins compatible for Editor in 0.54 ms, found 2 plugins.
Preloading 0 native plugins for Editor in 0.00 ms.
Unloading 2580 Unused Serialized files (Serialized files now loaded: 0)
System memory in use before: 103.9 MB.
System memory in use after: 104.1 MB.

Unloading 15 unused Assets to reduce memory usage. Loaded Objects now: 3021.
Total: 2.467200 ms (FindLiveObjects: 0.306000 ms CreateObjectMapping: 0.063800 ms MarkObjects: 2.030900 ms  DeleteObjects: 0.065500 ms)

AssetImportParameters requested are different than current active one (requested -> active):
  requireTextureImportCompression: false -> true
  custom:framework-win-MediaFoundation: 216162199b28c13a410421893ffa2e32 -> 
  custom:video-decoder-ogg-theora: a1e56fd34408186e4bbccfd4996cb3dc -> 
  custom:container-muxer-webm: aa71ff27fc2769a1b78a27578f13a17b -> 
  custom:container-demuxer-webm: 4f35f7cbe854078d1ac9338744f61a02 -> 
  custom:container-demuxer-ogg: 62fdf1f143b41e24485cea50d1cbac27 -> 
  custom:video-encoder-webm-vp8: eb34c28f22e8b96e1ab97ce403110664 -> 
  custom:video-decoder-webm-vp8: 9c59270c3fd7afecdb556c50c9e8de78 -> 
  custom:graphics/normal-map-encoding: 01000000000000000000000000000000 -> 02000000000000000000000000000000
  custom:audio-decoder-ogg-vorbis: bf7c407c2cedff20999df2af8eb42d56 -> 
  custom:audio-encoder-webm-vorbis: bf7c407c2cedff20999df2af8eb42d56 -> 
========================================================================
Received Prepare
Registering precompiled user dll's ...
Registered in 0.004239 seconds.
Begin MonoManager ReloadAssembly
Native extension for WindowsStandalone target not found
Refreshing native plugins compatible for Editor in 0.55 ms, found 2 plugins.
Preloading 0 native plugins for Editor in 0.00 ms.
Mono: successfully reloaded assembly
- Completed reload, in  0.893 seconds
Platform modules already initialized, skipping
Switching build target platform(19) subTarget(0) extendedPlatform(0) -> platform(13) subTarget(537395200) extendedPlatform(0)
Refreshing native plugins compatible for Editor in 0.53 ms, found 2 plugins.
Preloading 0 native plugins for Editor in 0.00 ms.
Unloading 2576 Unused Serialized files (Serialized files now loaded: 0)
System memory in use before: 103.8 MB.
System memory in use after: 104.0 MB.

Unloading 19 unused Assets to reduce memory usage. Loaded Objects now: 3019.
Total: 2.482500 ms (FindLiveObjects: 0.285200 ms CreateObjectMapping: 0.064500 ms MarkObjects: 2.060100 ms  DeleteObjects: 0.071500 ms)

AssetImportParameters requested are different than current active one (requested -> active):
  requireTextureImportCompression: false -> true
  custom:framework-win-MediaFoundation: 216162199b28c13a410421893ffa2e32 -> 
  custom:video-decoder-ogg-theora: a1e56fd34408186e4bbccfd4996cb3dc -> 
  custom:container-muxer-webm: aa71ff27fc2769a1b78a27578f13a17b -> 
  custom:container-demuxer-webm: 4f35f7cbe854078d1ac9338744f61a02 -> 
  custom:container-demuxer-ogg: 62fdf1f143b41e24485cea50d1cbac27 -> 
  custom:video-encoder-webm-vp8: eb34c28f22e8b96e1ab97ce403110664 -> 
  custom:video-decoder-webm-vp8: 9c59270c3fd7afecdb556c50c9e8de78 -> 
  custom:graphics/normal-map-encoding: 01000000000000000000000000000000 -> 02000000000000000000000000000000
  custom:audio-decoder-ogg-vorbis: bf7c407c2cedff20999df2af8eb42d56 -> 
  custom:audio-encoder-webm-vorbis: bf7c407c2cedff20999df2af8eb42d56 -> 
========================================================================
Received Prepare
Registering precompiled user dll's ...
Registered in 0.004169 seconds.
Begin MonoManager ReloadAssembly
Native extension for WindowsStandalone target not found
Refreshing native plugins compatible for Editor in 0.54 ms, found 2 plugins.
Preloading 0 native plugins for Editor in 0.00 ms.
Mono: successfully reloaded assembly
- Completed reload, in  0.932 seconds
Platform modules already initialized, skipping
Switching build target platform(19) subTarget(0) extendedPlatform(0) -> platform(13) subTarget(537395200) extendedPlatform(0)
Refreshing native plugins compatible for Editor in 0.54 ms, found 2 plugins.
Preloading 0 native plugins for Editor in 0.00 ms.
Unloading 2576 Unused Serialized files (Serialized files now loaded: 0)
System memory in use before: 103.8 MB.
System memory in use after: 104.0 MB.

Unloading 15 unused Assets to reduce memory usage. Loaded Objects now: 3021.
Total: 2.479400 ms (FindLiveObjects: 0.286300 ms CreateObjectMapping: 0.058800 ms MarkObjects: 2.066300 ms  DeleteObjects: 0.067200 ms)

AssetImportParameters requested are different than current active one (requested -> active):
  requireTextureImportCompression: false -> true
  custom:framework-win-MediaFoundation: 216162199b28c13a410421893ffa2e32 -> 
  custom:video-decoder-ogg-theora: a1e56fd34408186e4bbccfd4996cb3dc -> 
  custom:container-muxer-webm: aa71ff27fc2769a1b78a27578f13a17b -> 
  custom:container-demuxer-webm: 4f35f7cbe854078d1ac9338744f61a02 -> 
  custom:container-demuxer-ogg: 62fdf1f143b41e24485cea50d1cbac27 -> 
  custom:video-encoder-webm-vp8: eb34c28f22e8b96e1ab97ce403110664 -> 
  custom:video-decoder-webm-vp8: 9c59270c3fd7afecdb556c50c9e8de78 -> 
  custom:graphics/normal-map-encoding: 01000000000000000000000000000000 -> 02000000000000000000000000000000
  custom:audio-decoder-ogg-vorbis: bf7c407c2cedff20999df2af8eb42d56 -> 
  custom:audio-encoder-webm-vorbis: bf7c407c2cedff20999df2af8eb42d56 -> 
========================================================================
Received Import Request.
  Time since last request: 90.005078 seconds.
  path: Assets/Scripts/Localized/LocalizationSystem.cs
  artifactKey: Guid(d85bd10ba5514f94dacc1703fe5a7571) Importer(815301076,1909f56bfc062723c751e8b465ee728b)
Start importing Assets/Scripts/Localized/LocalizationSystem.cs using Guid(d85bd10ba5514f94dacc1703fe5a7571) Importer(815301076,1909f56bfc062723c751e8b465ee728b)  -> (artifact id: 'c1dbe104c6e04a4cb727ec0e76d26f11') in 0.010371 seconds 
  Import took 0.014939 seconds .

========================================================================
Received Prepare
Registering precompiled user dll's ...
Registered in 0.004725 seconds.
Begin MonoManager ReloadAssembly
Native extension for WindowsStandalone target not found
Refreshing native plugins compatible for Editor in 0.58 ms, found 2 plugins.
Preloading 0 native plugins for Editor in 0.00 ms.
Mono: successfully reloaded assembly
- Completed reload, in  0.921 seconds
Platform modules already initialized, skipping
Switching build target platform(19) subTarget(0) extendedPlatform(0) -> platform(13) subTarget(537395200) extendedPlatform(0)
Refreshing native plugins compatible for Editor in 0.57 ms, found 2 plugins.
Preloading 0 native plugins for Editor in 0.00 ms.
Unloading 2577 Unused Serialized files (Serialized files now loaded: 0)
System memory in use before: 103.8 MB.
System memory in use after: 103.9 MB.

Unloading 15 unused Assets to reduce memory usage. Loaded Objects now: 3024.
Total: 2.879900 ms (FindLiveObjects: 0.342400 ms CreateObjectMapping: 0.069100 ms MarkObjects: 2.401500 ms  DeleteObjects: 0.065700 ms)

AssetImportParameters requested are different than current active one (requested -> active):
  requireTextureImportCompression: false -> true
  custom:framework-win-MediaFoundation: 216162199b28c13a410421893ffa2e32 -> 
  custom:video-decoder-ogg-theora: a1e56fd34408186e4bbccfd4996cb3dc -> 
  custom:container-muxer-webm: aa71ff27fc2769a1b78a27578f13a17b -> 
  custom:container-demuxer-webm: 4f35f7cbe854078d1ac9338744f61a02 -> 
  custom:container-demuxer-ogg: 62fdf1f143b41e24485cea50d1cbac27 -> 
  custom:video-encoder-webm-vp8: eb34c28f22e8b96e1ab97ce403110664 -> 
  custom:video-decoder-webm-vp8: 9c59270c3fd7afecdb556c50c9e8de78 -> 
  custom:graphics/normal-map-encoding: 01000000000000000000000000000000 -> 02000000000000000000000000000000
  custom:audio-decoder-ogg-vorbis: bf7c407c2cedff20999df2af8eb42d56 -> 
  custom:audio-encoder-webm-vorbis: bf7c407c2cedff20999df2af8eb42d56 -> 
========================================================================
Received Import Request.
  Time since last request: 219.854830 seconds.
  path: Assets/Scripts/Localized/LocalizationSystem.cs
  artifactKey: Guid(d85bd10ba5514f94dacc1703fe5a7571) Importer(815301076,1909f56bfc062723c751e8b465ee728b)
Start importing Assets/Scripts/Localized/LocalizationSystem.cs using Guid(d85bd10ba5514f94dacc1703fe5a7571) Importer(815301076,1909f56bfc062723c751e8b465ee728b)  -> (artifact id: '451020485e954ec10bb7edf101188ad6') in 0.006981 seconds 
  Import took 0.011531 seconds .

========================================================================
Received Import Request.
  Time since last request: 0.019573 seconds.
  path: Assets/Scripts/Localized/LocalizationSystem.cs
  artifactKey: Guid(d85bd10ba5514f94dacc1703fe5a7571) Importer(815301076,1909f56bfc062723c751e8b465ee728b)
Start importing Assets/Scripts/Localized/LocalizationSystem.cs using Guid(d85bd10ba5514f94dacc1703fe5a7571) Importer(815301076,1909f56bfc062723c751e8b465ee728b)  -> (artifact id: '451020485e954ec10bb7edf101188ad6') in 0.002096 seconds 
  Import took 0.005891 seconds .

========================================================================
Received Import Request.
  Time since last request: 347.101476 seconds.
  path: Assets/Scripts/Localized/LocalizationSystem.cs
  artifactKey: Guid(d85bd10ba5514f94dacc1703fe5a7571) Importer(815301076,1909f56bfc062723c751e8b465ee728b)
Start importing Assets/Scripts/Localized/LocalizationSystem.cs using Guid(d85bd10ba5514f94dacc1703fe5a7571) Importer(815301076,1909f56bfc062723c751e8b465ee728b)  -> (artifact id: 'd394994476656db143fdd4e64c509037') in 0.002357 seconds 
  Import took 0.006872 seconds .

========================================================================
Received Import Request.
  Time since last request: 0.003465 seconds.
  path: Assets/Scripts/Localized/LocalizationSystem.cs
  artifactKey: Guid(d85bd10ba5514f94dacc1703fe5a7571) Importer(815301076,1909f56bfc062723c751e8b465ee728b)
Start importing Assets/Scripts/Localized/LocalizationSystem.cs using Guid(d85bd10ba5514f94dacc1703fe5a7571) Importer(815301076,1909f56bfc062723c751e8b465ee728b)  -> (artifact id: 'd394994476656db143fdd4e64c509037') in 0.003152 seconds 
  Import took 0.007006 seconds .

========================================================================
Received Prepare
Registering precompiled user dll's ...
Registered in 0.004294 seconds.
Begin MonoManager ReloadAssembly
Native extension for WindowsStandalone target not found
Refreshing native plugins compatible for Editor in 0.54 ms, found 2 plugins.
Preloading 0 native plugins for Editor in 0.00 ms.
Mono: successfully reloaded assembly
- Completed reload, in  0.907 seconds
Platform modules already initialized, skipping
Switching build target platform(19) subTarget(0) extendedPlatform(0) -> platform(13) subTarget(537395200) extendedPlatform(0)
Refreshing native plugins compatible for Editor in 0.64 ms, found 2 plugins.
Preloading 0 native plugins for Editor in 0.00 ms.
Unloading 2577 Unused Serialized files (Serialized files now loaded: 0)
System memory in use before: 103.9 MB.
System memory in use after: 104.1 MB.

Unloading 15 unused Assets to reduce memory usage. Loaded Objects now: 3026.
Total: 2.677100 ms (FindLiveObjects: 0.340000 ms CreateObjectMapping: 0.067600 ms MarkObjects: 2.210400 ms  DeleteObjects: 0.057900 ms)

AssetImportParameters requested are different than current active one (requested -> active):
  requireTextureImportCompression: false -> true
  custom:framework-win-MediaFoundation: 216162199b28c13a410421893ffa2e32 -> 
  custom:video-decoder-ogg-theora: a1e56fd34408186e4bbccfd4996cb3dc -> 
  custom:container-muxer-webm: aa71ff27fc2769a1b78a27578f13a17b -> 
  custom:container-demuxer-webm: 4f35f7cbe854078d1ac9338744f61a02 -> 
  custom:container-demuxer-ogg: 62fdf1f143b41e24485cea50d1cbac27 -> 
  custom:video-encoder-webm-vp8: eb34c28f22e8b96e1ab97ce403110664 -> 
  custom:video-decoder-webm-vp8: 9c59270c3fd7afecdb556c50c9e8de78 -> 
  custom:graphics/normal-map-encoding: 01000000000000000000000000000000 -> 02000000000000000000000000000000
  custom:audio-decoder-ogg-vorbis: bf7c407c2cedff20999df2af8eb42d56 -> 
  custom:audio-encoder-webm-vorbis: bf7c407c2cedff20999df2af8eb42d56 -> 
========================================================================
Received Import Request.
  Time since last request: 115.557211 seconds.
  path: Assets/Scripts/Localized/TextLocalizerUI.cs
  artifactKey: Guid(f211c5407257f82449d9298356f52bc5) Importer(815301076,1909f56bfc062723c751e8b465ee728b)
Start importing Assets/Scripts/Localized/TextLocalizerUI.cs using Guid(f211c5407257f82449d9298356f52bc5) Importer(815301076,1909f56bfc062723c751e8b465ee728b)  -> (artifact id: 'a0b68c2cd2177523d793690c49a259f0') in 0.010922 seconds 
  Import took 0.015458 seconds .

========================================================================
Received Prepare
Registering precompiled user dll's ...
Registered in 0.004239 seconds.
Begin MonoManager ReloadAssembly
Native extension for WindowsStandalone target not found
Refreshing native plugins compatible for Editor in 0.60 ms, found 2 plugins.
Preloading 0 native plugins for Editor in 0.00 ms.
Mono: successfully reloaded assembly
- Completed reload, in  0.932 seconds
Platform modules already initialized, skipping
Switching build target platform(19) subTarget(0) extendedPlatform(0) -> platform(13) subTarget(537395200) extendedPlatform(0)
Refreshing native plugins compatible for Editor in 0.56 ms, found 2 plugins.
Preloading 0 native plugins for Editor in 0.00 ms.
Unloading 2578 Unused Serialized files (Serialized files now loaded: 0)
System memory in use before: 103.9 MB.
System memory in use after: 104.1 MB.

Unloading 15 unused Assets to reduce memory usage. Loaded Objects now: 3029.
Total: 2.259100 ms (FindLiveObjects: 0.290700 ms CreateObjectMapping: 0.064000 ms MarkObjects: 1.851300 ms  DeleteObjects: 0.052000 ms)

AssetImportParameters requested are different than current active one (requested -> active):
  requireTextureImportCompression: false -> true
  custom:framework-win-MediaFoundation: 216162199b28c13a410421893ffa2e32 -> 
  custom:video-decoder-ogg-theora: a1e56fd34408186e4bbccfd4996cb3dc -> 
  custom:container-muxer-webm: aa71ff27fc2769a1b78a27578f13a17b -> 
  custom:container-demuxer-webm: 4f35f7cbe854078d1ac9338744f61a02 -> 
  custom:container-demuxer-ogg: 62fdf1f143b41e24485cea50d1cbac27 -> 
  custom:video-encoder-webm-vp8: eb34c28f22e8b96e1ab97ce403110664 -> 
  custom:video-decoder-webm-vp8: 9c59270c3fd7afecdb556c50c9e8de78 -> 
  custom:graphics/normal-map-encoding: 01000000000000000000000000000000 -> 02000000000000000000000000000000
  custom:audio-decoder-ogg-vorbis: bf7c407c2cedff20999df2af8eb42d56 -> 
  custom:audio-encoder-webm-vorbis: bf7c407c2cedff20999df2af8eb42d56 -> 
AssetImportWorkerClient::OnTransportError - code=2 error=End of file
